{
  "RSpec": {
    "coverage": {
      "/home/balashankar.d/Documents/Rails/event_ticketing/app/controllers/application_controller.rb": {
        "lines": [
          1,
          null,
          1,
          1,
          null,
          1,
          null,
          1,
          3,
          null,
          null,
          1,
          0,
          null,
          0,
          null,
          null,
          null,
          null,
          null,
          null,
          null,
          1,
          1,
          5,
          null,
          null,
          null
        ]
      },
      "/home/balashankar.d/Documents/Rails/event_ticketing/app/helpers/application_helper.rb": {
        "lines": [
          1,
          null
        ]
      },
      "/home/balashankar.d/Documents/Rails/event_ticketing/app/helpers/categories_helper.rb": {
        "lines": [
          1,
          null
        ]
      },
      "/home/balashankar.d/Documents/Rails/event_ticketing/app/helpers/events_helper.rb": {
        "lines": [
          1,
          null
        ]
      },
      "/home/balashankar.d/Documents/Rails/event_ticketing/app/helpers/landing_helper.rb": {
        "lines": [
          1,
          null
        ]
      },
      "/home/balashankar.d/Documents/Rails/event_ticketing/app/helpers/orders_helper.rb": {
        "lines": [
          1,
          null
        ]
      },
      "/home/balashankar.d/Documents/Rails/event_ticketing/app/models/organizer.rb": {
        "lines": [
          1,
          1,
          1,
          null,
          1,
          1,
          null,
          null,
          1,
          1,
          null,
          null
        ]
      },
      "/home/balashankar.d/Documents/Rails/event_ticketing/app/models/application_record.rb": {
        "lines": [
          1,
          1,
          null
        ]
      },
      "/home/balashankar.d/Documents/Rails/event_ticketing/app/helpers/organizer/dashboards_helper.rb": {
        "lines": [
          1,
          null
        ]
      },
      "/home/balashankar.d/Documents/Rails/event_ticketing/app/helpers/organizers_helper.rb": {
        "lines": [
          1,
          null
        ]
      },
      "/home/balashankar.d/Documents/Rails/event_ticketing/app/models/participant.rb": {
        "lines": [
          1,
          1,
          1,
          1,
          1,
          1,
          null,
          1,
          1,
          null,
          null,
          1,
          1,
          null,
          null,
          null
        ]
      },
      "/home/balashankar.d/Documents/Rails/event_ticketing/app/helpers/participant/dashboards_helper.rb": {
        "lines": [
          1,
          null
        ]
      },
      "/home/balashankar.d/Documents/Rails/event_ticketing/app/helpers/participants_helper.rb": {
        "lines": [
          1,
          null
        ]
      },
      "/home/balashankar.d/Documents/Rails/event_ticketing/app/helpers/ticket_tiers_helper.rb": {
        "lines": [
          1,
          null
        ]
      },
      "/home/balashankar.d/Documents/Rails/event_ticketing/app/helpers/tickets_helper.rb": {
        "lines": [
          1,
          null
        ]
      },
      "/home/balashankar.d/Documents/Rails/event_ticketing/app/helpers/users_helper.rb": {
        "lines": [
          1,
          null
        ]
      },
      "/home/balashankar.d/Documents/Rails/event_ticketing/app/helpers/venues_helper.rb": {
        "lines": [
          1,
          null
        ]
      },
      "/home/balashankar.d/Documents/Rails/event_ticketing/app/models/admin_user.rb": {
        "lines": [
          1,
          null,
          null,
          1,
          null,
          null
        ]
      },
      "/home/balashankar.d/Documents/Rails/event_ticketing/app/admin/admin_users.rb": {
        "lines": [
          1,
          1,
          null,
          1,
          0,
          0,
          0,
          0,
          0,
          0,
          0,
          null,
          null,
          1,
          1,
          1,
          1,
          null,
          1,
          0,
          0,
          0,
          0,
          null,
          0,
          null,
          null,
          null
        ]
      },
      "/home/balashankar.d/Documents/Rails/event_ticketing/app/admin/categories.rb": {
        "lines": [
          1,
          null,
          1,
          null,
          1,
          0,
          0,
          0,
          0,
          0,
          0,
          null,
          null,
          1,
          0,
          0,
          0,
          0,
          0,
          null,
          null,
          0,
          0,
          0,
          0,
          0,
          0,
          0,
          0,
          0,
          0,
          null,
          null,
          null,
          null,
          null,
          null
        ]
      },
      "/home/balashankar.d/Documents/Rails/event_ticketing/app/models/category.rb": {
        "lines": [
          1,
          1,
          null,
          1,
          1,
          null,
          null,
          1,
          1,
          null,
          null
        ]
      },
      "/home/balashankar.d/Documents/Rails/event_ticketing/app/admin/dashboard.rb": {
        "lines": [
          null,
          1,
          4,
          null,
          1,
          0,
          0,
          0,
          0,
          null,
          null,
          null,
          null,
          null,
          null,
          null,
          null,
          null,
          null,
          null,
          null,
          null,
          null,
          null,
          null,
          null,
          null,
          null,
          null,
          null,
          null,
          null,
          null
        ]
      },
      "/home/balashankar.d/Documents/Rails/event_ticketing/app/admin/events.rb": {
        "lines": [
          1,
          null,
          1,
          null,
          1,
          3,
          null,
          null,
          1,
          2,
          null,
          null,
          null,
          1,
          2,
          2,
          2,
          2,
          2,
          2,
          2,
          2,
          2,
          null,
          2,
          null,
          null,
          1,
          1,
          1,
          1,
          null,
          1,
          1,
          1,
          1,
          1,
          1,
          1,
          1,
          1,
          null,
          1,
          1,
          0,
          null,
          1,
          null,
          null,
          1,
          1,
          null,
          null,
          1,
          1,
          1,
          1,
          1,
          null,
          1,
          null,
          null,
          null,
          1,
          null,
          null,
          1,
          0,
          0,
          0,
          0,
          0,
          0,
          0,
          0,
          0,
          null,
          0,
          0,
          0,
          0,
          0,
          null,
          null,
          0,
          null,
          null,
          null
        ]
      },
      "/home/balashankar.d/Documents/Rails/event_ticketing/app/models/event.rb": {
        "lines": [
          1,
          1,
          1,
          1,
          1,
          1,
          1,
          1,
          null,
          1,
          null,
          null,
          1,
          1,
          1,
          1,
          null,
          1,
          null,
          null,
          1,
          6,
          4,
          null,
          2,
          null,
          null,
          null,
          null,
          null,
          1,
          61,
          null,
          null,
          1,
          11,
          null,
          null,
          1,
          1,
          99,
          1,
          null,
          null,
          null
        ]
      },
      "/home/balashankar.d/Documents/Rails/event_ticketing/app/admin/orders.rb": {
        "lines": [
          1,
          null,
          1,
          null,
          null,
          1,
          0,
          0,
          0,
          0,
          0,
          0,
          0,
          0,
          null,
          null,
          1,
          0,
          0,
          0,
          0,
          0,
          0,
          0,
          null,
          null,
          0,
          0,
          0,
          0,
          0,
          0,
          0,
          0,
          null,
          null,
          null,
          null,
          null,
          null,
          null
        ]
      },
      "/home/balashankar.d/Documents/Rails/event_ticketing/app/models/order.rb": {
        "lines": [
          1,
          1,
          1,
          1,
          null,
          1,
          1,
          null,
          null,
          1,
          1,
          null,
          null
        ]
      },
      "/home/balashankar.d/Documents/Rails/event_ticketing/app/admin/organizers.rb": {
        "lines": [
          1,
          1,
          null,
          1,
          null,
          1,
          1,
          1,
          1,
          1,
          1,
          null,
          null,
          1,
          1,
          0,
          null,
          null,
          1,
          0,
          0,
          0,
          0,
          null,
          null,
          1,
          0,
          0,
          0,
          0,
          null,
          0,
          null,
          null,
          null,
          1,
          0,
          0,
          0,
          null,
          0,
          null,
          null,
          null,
          1,
          0,
          0,
          0,
          0,
          0,
          0,
          0,
          0,
          null,
          0,
          0,
          null,
          0,
          null,
          null,
          1,
          0,
          0,
          0,
          0,
          0,
          0,
          0,
          0,
          null,
          null,
          0,
          0,
          0,
          null,
          0,
          null,
          null,
          null,
          null,
          null
        ]
      },
      "/home/balashankar.d/Documents/Rails/event_ticketing/app/models/user.rb": {
        "lines": [
          1,
          null,
          null,
          1,
          null,
          1,
          1,
          null,
          1,
          null,
          null,
          null,
          null,
          1,
          null,
          null,
          null,
          null,
          null,
          1,
          1,
          1,
          null,
          1,
          null,
          1,
          1,
          null,
          null,
          1,
          1,
          null,
          null,
          1,
          23,
          null,
          null,
          1,
          7,
          null,
          null,
          1,
          11,
          0,
          null,
          11,
          null,
          null,
          null,
          null,
          1,
          null,
          1,
          153,
          null,
          null,
          null
        ]
      },
      "/home/balashankar.d/Documents/Rails/event_ticketing/app/admin/participants.rb": {
        "lines": [
          1,
          1,
          null,
          1,
          null,
          1,
          0,
          null,
          null,
          null,
          1,
          1,
          1,
          1,
          1,
          1,
          1,
          null,
          null,
          null,
          1,
          1,
          0,
          null,
          null,
          1,
          0,
          0,
          0,
          0,
          null,
          null,
          1,
          0,
          0,
          0,
          0,
          null,
          0,
          null,
          null,
          null,
          1,
          0,
          0,
          0,
          null,
          0,
          null,
          null,
          null,
          1,
          0,
          0,
          0,
          0,
          0,
          0,
          0,
          null,
          0,
          0,
          null,
          0,
          0,
          null,
          0,
          0,
          null,
          null,
          1,
          0,
          0,
          0,
          0,
          0,
          0,
          0,
          0,
          null,
          null,
          0,
          0,
          0,
          0,
          null,
          0,
          null
        ]
      },
      "/home/balashankar.d/Documents/Rails/event_ticketing/app/admin/tickets.rb": {
        "lines": [
          1,
          1,
          null,
          1,
          0,
          0,
          0,
          0,
          0,
          0,
          0,
          0,
          null,
          null,
          1,
          1,
          1,
          1,
          null,
          1,
          0,
          0,
          0,
          0,
          0,
          0,
          0,
          0,
          null,
          0,
          0,
          0,
          0,
          0,
          0,
          0,
          0,
          0,
          0,
          null,
          null,
          null,
          null,
          1,
          0,
          0,
          0,
          0,
          null,
          0,
          null,
          null,
          null
        ]
      },
      "/home/balashankar.d/Documents/Rails/event_ticketing/app/models/ticket.rb": {
        "lines": [
          1,
          1,
          1,
          1,
          null,
          1,
          null,
          1,
          null,
          1,
          1,
          null,
          null,
          1,
          1,
          null,
          null,
          1,
          1,
          22,
          null,
          18,
          18,
          null,
          18,
          null,
          null,
          null,
          null
        ]
      },
      "/home/balashankar.d/Documents/Rails/event_ticketing/app/admin/users.rb": {
        "lines": [
          1,
          null,
          1,
          1,
          1,
          null,
          1,
          1,
          0,
          null,
          null,
          null,
          1,
          0,
          null,
          null,
          null,
          null,
          1,
          1,
          1,
          1,
          1,
          null,
          1,
          0,
          0,
          0,
          0,
          0,
          0,
          0,
          null,
          0,
          0,
          null,
          0,
          null,
          0,
          null,
          0,
          null,
          null,
          0,
          0,
          null,
          null,
          1,
          0,
          0,
          0,
          0,
          0,
          0,
          null,
          null,
          0,
          0,
          0,
          0,
          0,
          null,
          null,
          0,
          0,
          0,
          0,
          0,
          0,
          null,
          null,
          null,
          null,
          null,
          null,
          null
        ]
      },
      "/home/balashankar.d/Documents/Rails/event_ticketing/app/admin/venues.rb": {
        "lines": [
          1,
          null,
          1,
          null,
          1,
          0,
          0,
          null,
          null,
          1,
          0,
          null,
          null,
          1,
          0,
          null,
          null,
          1,
          0,
          0,
          0,
          0,
          0,
          0,
          0,
          0,
          null,
          null,
          1,
          0,
          0,
          0,
          0,
          0,
          0,
          0,
          null,
          null,
          0,
          0,
          0,
          0,
          0,
          0,
          0,
          0,
          null,
          null,
          null,
          0,
          null,
          null,
          null
        ]
      },
      "/home/balashankar.d/Documents/Rails/event_ticketing/app/models/venue.rb": {
        "lines": [
          1,
          1,
          1,
          null,
          1,
          1,
          null,
          null,
          1,
          1,
          null,
          null,
          null
        ]
      },
      "/home/balashankar.d/Documents/Rails/event_ticketing/app/models/ticket_tier.rb": {
        "lines": [
          1,
          1,
          1,
          null,
          1,
          null,
          1,
          null,
          1,
          1,
          null,
          null,
          1,
          1,
          null,
          null,
          1,
          null,
          1,
          42,
          2,
          null,
          null,
          null,
          1,
          44,
          44,
          null,
          null
        ]
      },
      "/home/balashankar.d/Documents/Rails/event_ticketing/app/controllers/api/users_controller.rb": {
        "lines": [
          1,
          1,
          1,
          null,
          1,
          1,
          null,
          null,
          1,
          2,
          2,
          2,
          2,
          null,
          2,
          1,
          1,
          1,
          null,
          0,
          0,
          null,
          null,
          1,
          null,
          null,
          null,
          1,
          1,
          1,
          1,
          1,
          1,
          null,
          0,
          null,
          null,
          null,
          null,
          1,
          1,
          1,
          null,
          0,
          null,
          null,
          null,
          null,
          null,
          1,
          null,
          1,
          3,
          3,
          0,
          null,
          null,
          null,
          1,
          6,
          null,
          6,
          null,
          6,
          null,
          0,
          null,
          6,
          null,
          null,
          6,
          null,
          null,
          null,
          null,
          null,
          null,
          null
        ]
      },
      "/home/balashankar.d/Documents/Rails/event_ticketing/app/controllers/api/base_controller.rb": {
        "lines": [
          1,
          1,
          1,
          null,
          1,
          null,
          1,
          1,
          null,
          null,
          1,
          0,
          0,
          0,
          null,
          0,
          null,
          null,
          1,
          0,
          0,
          0,
          null,
          0,
          null,
          null,
          null,
          null,
          null
        ]
      },
      "/home/balashankar.d/Documents/Rails/event_ticketing/app/controllers/api/events_controller.rb": {
        "lines": [
          1,
          1,
          1,
          1,
          null,
          1,
          1,
          null,
          null,
          1,
          0,
          null,
          null,
          1,
          2,
          2,
          2,
          2,
          1,
          1,
          null,
          1,
          null,
          null,
          null,
          1,
          0,
          0,
          null,
          0,
          null,
          null,
          null,
          1,
          0,
          0,
          null,
          0,
          null,
          null,
          null,
          1,
          0,
          0,
          null,
          null,
          null,
          1,
          1,
          1,
          null,
          null,
          1,
          null,
          1,
          null,
          null,
          1,
          null,
          1,
          null,
          null,
          1,
          1,
          null,
          1,
          1,
          null,
          0,
          null,
          null,
          null,
          1,
          1,
          null,
          1,
          null,
          null,
          null,
          1,
          null,
          null,
          null,
          1,
          null,
          null,
          null,
          null,
          null,
          null,
          null,
          1,
          null,
          1,
          2,
          null,
          null,
          1,
          3,
          3,
          0,
          null,
          null,
          null,
          null,
          null,
          null,
          null,
          null
        ]
      },
      "/home/balashankar.d/Documents/Rails/event_ticketing/app/controllers/api/orders_controller.rb": {
        "lines": [
          1,
          1,
          1,
          1,
          1,
          null,
          1,
          0,
          0,
          null,
          null,
          1,
          0,
          0,
          null,
          null,
          1,
          1,
          1,
          1,
          null,
          null,
          null,
          1,
          2,
          null,
          null,
          2,
          2,
          null,
          2,
          1,
          1,
          0,
          null,
          null,
          1,
          null,
          null,
          null,
          null,
          null,
          1,
          1,
          2,
          null,
          null,
          null,
          null,
          null,
          null,
          1,
          null,
          null,
          1,
          null,
          null,
          1,
          null,
          null,
          1,
          null,
          null,
          null,
          0,
          0,
          null,
          null,
          null,
          null,
          null,
          null,
          1,
          2,
          null,
          2,
          null,
          null,
          1,
          1,
          null,
          1,
          1,
          1,
          null,
          null,
          null,
          1,
          null,
          0,
          null,
          null,
          null,
          1,
          null,
          1,
          2,
          null,
          0,
          null,
          null,
          1,
          2,
          null,
          0,
          null,
          null,
          null,
          null,
          null
        ]
      },
      "/home/balashankar.d/Documents/Rails/event_ticketing/app/controllers/api/organizers_controller.rb": {
        "lines": [
          1,
          1,
          null,
          1,
          1,
          1,
          0,
          0,
          null,
          1,
          null,
          null,
          1,
          2,
          2,
          1,
          1,
          null,
          1,
          null,
          null,
          null,
          null,
          null,
          null
        ]
      },
      "/home/balashankar.d/Documents/Rails/event_ticketing/app/controllers/api/participants_controller.rb": {
        "lines": [
          1,
          1,
          null,
          1,
          1,
          1,
          null,
          null,
          1,
          2,
          2,
          1,
          1,
          null,
          1,
          null,
          null,
          null,
          null,
          null,
          null,
          null
        ]
      },
      "/home/balashankar.d/Documents/Rails/event_ticketing/app/controllers/api/venues_controller.rb": {
        "lines": [
          1,
          1,
          null,
          1,
          null,
          1,
          1,
          1,
          null,
          null,
          1,
          1,
          null,
          null,
          1,
          2,
          2,
          1,
          null,
          1,
          null,
          null,
          null,
          null,
          1,
          0,
          0,
          null,
          0,
          null,
          null,
          null,
          null,
          1,
          1,
          1,
          0,
          null,
          1,
          null,
          null,
          null,
          1,
          null,
          1,
          2,
          null,
          null,
          1,
          3,
          3,
          1,
          null,
          null,
          null,
          null,
          null,
          null,
          null
        ]
      },
      "/home/balashankar.d/Documents/Rails/event_ticketing/app/controllers/api_logins_controller.rb": {
        "lines": [
          1,
          1,
          null,
          null,
          null,
          1,
          null,
          4,
          null,
          null,
          null,
          null,
          null,
          null,
          null,
          3,
          2,
          2,
          null,
          1,
          1,
          null,
          null,
          2,
          null,
          2,
          1,
          null,
          1,
          null,
          null,
          null,
          null,
          null,
          1,
          0,
          0,
          null,
          null,
          null,
          null
        ]
      },
      "/home/balashankar.d/Documents/Rails/event_ticketing/app/controllers/bookings_controller.rb": {
        "lines": [
          1,
          1,
          1,
          1,
          null,
          null,
          1,
          2,
          2,
          2,
          null,
          null,
          2,
          null,
          2,
          null,
          2,
          1,
          null,
          1,
          1,
          1,
          2,
          null,
          null,
          null,
          1,
          null,
          null,
          1,
          null,
          null,
          1,
          1,
          null,
          null,
          null,
          null,
          1,
          1,
          4,
          null,
          0,
          0,
          null,
          null,
          null,
          1,
          2,
          null,
          0,
          0,
          null,
          null,
          1,
          4,
          1,
          1,
          null,
          null,
          3,
          1,
          1,
          null,
          2,
          null,
          null,
          null,
          null
        ]
      },
      "/home/balashankar.d/Documents/Rails/event_ticketing/app/controllers/events_controller.rb": {
        "lines": [
          1,
          1,
          1,
          1,
          null,
          null,
          null,
          1,
          2,
          1,
          null,
          1,
          null,
          null,
          null,
          1,
          null,
          null,
          1,
          1,
          1,
          4,
          null,
          null,
          1,
          2,
          2,
          2,
          null,
          2,
          1,
          null,
          1,
          1,
          1,
          null,
          0,
          null,
          null,
          null,
          2,
          2,
          null,
          0,
          0,
          null,
          null,
          null,
          null,
          1,
          1,
          4,
          null,
          null,
          null,
          1,
          null,
          2,
          0,
          2,
          1,
          1,
          1,
          null,
          0,
          null,
          null,
          null,
          2,
          1,
          null,
          1,
          1,
          null,
          null,
          null,
          null,
          1,
          1,
          1,
          null,
          null,
          null,
          null,
          null,
          null,
          1,
          1,
          8,
          1,
          1,
          null,
          null,
          null,
          1,
          4,
          null,
          0,
          0,
          null,
          null,
          1,
          7,
          null,
          0,
          0,
          null,
          null,
          1,
          4,
          null,
          null,
          1,
          2,
          null,
          null,
          1,
          2,
          null,
          null,
          null,
          null,
          null
        ]
      },
      "/home/balashankar.d/Documents/Rails/event_ticketing/app/controllers/organizers_controller.rb": {
        "lines": [
          1,
          1,
          null,
          1,
          null,
          null,
          1,
          1,
          1,
          0,
          0,
          null,
          1,
          null,
          null,
          1,
          3,
          2,
          null,
          null,
          null,
          null,
          1,
          1,
          0,
          null,
          1,
          0,
          null,
          null,
          null,
          null,
          null
        ]
      },
      "/home/balashankar.d/Documents/Rails/event_ticketing/app/controllers/participants_controller.rb": {
        "lines": [
          1,
          null,
          1,
          1,
          null,
          1,
          1,
          null,
          null,
          1,
          null,
          null,
          null,
          1,
          1,
          1,
          null,
          null,
          1,
          null,
          1,
          3,
          3,
          1,
          null,
          null,
          null,
          1,
          2,
          1,
          null,
          null,
          null,
          1,
          0,
          null
        ]
      },
      "/home/balashankar.d/Documents/Rails/event_ticketing/app/controllers/ticket_tiers_controller.rb": {
        "lines": [
          1,
          1,
          1,
          1,
          null,
          null,
          null
        ]
      },
      "/home/balashankar.d/Documents/Rails/event_ticketing/app/controllers/users/registrations_controller.rb": {
        "lines": [
          1,
          1,
          2,
          2,
          1,
          null,
          1,
          null,
          2,
          null,
          null,
          1,
          3,
          null,
          3,
          3,
          null,
          3,
          null,
          3,
          1,
          null,
          1,
          0,
          0,
          0,
          0,
          null,
          0,
          0,
          null,
          0,
          null,
          0,
          0,
          0,
          null,
          null,
          1,
          1,
          1,
          1,
          null,
          null,
          null,
          6,
          2,
          2,
          2,
          null,
          null,
          null,
          null
        ]
      },
      "/home/balashankar.d/Documents/Rails/event_ticketing/app/controllers/users_controller.rb": {
        "lines": [
          1,
          1,
          1,
          null,
          null,
          1,
          null,
          null,
          1,
          1,
          null,
          null,
          1,
          null,
          null,
          1,
          null,
          null,
          1,
          0,
          null,
          null,
          null,
          1,
          2,
          1,
          null,
          1,
          null,
          null,
          null,
          1,
          null,
          null,
          1,
          1,
          3,
          3,
          0,
          0,
          null,
          null,
          null,
          1,
          5,
          5,
          null,
          null,
          1,
          2,
          null,
          null
        ]
      },
      "/home/balashankar.d/Documents/Rails/event_ticketing/app/channels/application_cable/channel.rb": {
        "lines": [
          0,
          0,
          0,
          0
        ],
        "branches": {}
      },
      "/home/balashankar.d/Documents/Rails/event_ticketing/app/channels/application_cable/connection.rb": {
        "lines": [
          0,
          0,
          0,
          0
        ],
        "branches": {}
      },
      "/home/balashankar.d/Documents/Rails/event_ticketing/app/controllers/categories_controller.rb": {
        "lines": [
          0,
          null,
          0
        ],
        "branches": {}
      },
      "/home/balashankar.d/Documents/Rails/event_ticketing/app/controllers/landings_controller.rb": {
        "lines": [
          0,
          null,
          0,
          0,
          null,
          0
        ],
        "branches": {}
      },
      "/home/balashankar.d/Documents/Rails/event_ticketing/app/controllers/orders_controller.rb": {
        "lines": [
          0,
          null,
          0,
          null,
          0,
          0,
          null,
          0,
          0,
          0,
          0,
          0,
          0,
          0,
          null,
          null,
          0,
          0,
          0,
          0,
          null,
          null,
          null,
          0,
          0,
          0,
          0,
          0,
          0,
          null,
          null,
          0
        ],
        "branches": {}
      },
      "/home/balashankar.d/Documents/Rails/event_ticketing/app/controllers/organizer/dashboards_controller.rb": {
        "lines": [
          0,
          0,
          0,
          0,
          0,
          0
        ],
        "branches": {}
      },
      "/home/balashankar.d/Documents/Rails/event_ticketing/app/controllers/participant/dashboards_controller.rb": {
        "lines": [
          0,
          0,
          0,
          0,
          0,
          null,
          0,
          0,
          null,
          null,
          0
        ],
        "branches": {}
      },
      "/home/balashankar.d/Documents/Rails/event_ticketing/app/controllers/tickets_controller.rb": {
        "lines": [
          0,
          null,
          0
        ],
        "branches": {}
      },
      "/home/balashankar.d/Documents/Rails/event_ticketing/app/controllers/users/confirmations_controller.rb": {
        "lines": [
          null,
          null,
          0,
          null,
          null,
          null,
          null,
          null,
          null,
          null,
          null,
          null,
          null,
          null,
          null,
          null,
          null,
          null,
          null,
          null,
          null,
          null,
          null,
          null,
          null,
          null,
          null,
          null,
          null,
          0
        ],
        "branches": {}
      },
      "/home/balashankar.d/Documents/Rails/event_ticketing/app/controllers/users/omniauth_callbacks_controller.rb": {
        "lines": [
          null,
          null,
          0,
          null,
          null,
          null,
          null,
          null,
          null,
          null,
          null,
          null,
          null,
          null,
          null,
          null,
          null,
          null,
          null,
          null,
          null,
          null,
          null,
          null,
          null,
          null,
          null,
          null,
          null,
          0
        ],
        "branches": {}
      },
      "/home/balashankar.d/Documents/Rails/event_ticketing/app/controllers/users/passwords_controller.rb": {
        "lines": [
          null,
          null,
          0,
          null,
          null,
          null,
          null,
          null,
          null,
          null,
          null,
          null,
          null,
          null,
          null,
          null,
          null,
          null,
          null,
          null,
          null,
          null,
          null,
          null,
          null,
          null,
          null,
          null,
          null,
          null,
          null,
          null,
          null,
          0
        ],
        "branches": {}
      },
      "/home/balashankar.d/Documents/Rails/event_ticketing/app/controllers/users/sessions_controller.rb": {
        "lines": [
          null,
          null,
          0,
          null,
          null,
          null,
          null,
          null,
          null,
          null,
          null,
          null,
          null,
          null,
          null,
          null,
          null,
          null,
          null,
          null,
          null,
          null,
          null,
          null,
          null,
          null,
          0
        ],
        "branches": {}
      },
      "/home/balashankar.d/Documents/Rails/event_ticketing/app/controllers/users/unlocks_controller.rb": {
        "lines": [
          null,
          null,
          0,
          null,
          null,
          null,
          null,
          null,
          null,
          null,
          null,
          null,
          null,
          null,
          null,
          null,
          null,
          null,
          null,
          null,
          null,
          null,
          null,
          null,
          null,
          null,
          null,
          null,
          null,
          0
        ],
        "branches": {}
      },
      "/home/balashankar.d/Documents/Rails/event_ticketing/app/controllers/venues_controller.rb": {
        "lines": [
          0,
          null,
          0
        ],
        "branches": {}
      },
      "/home/balashankar.d/Documents/Rails/event_ticketing/app/jobs/application_job.rb": {
        "lines": [
          0,
          null,
          null,
          null,
          null,
          null,
          0
        ],
        "branches": {}
      },
      "/home/balashankar.d/Documents/Rails/event_ticketing/app/mailers/application_mailer.rb": {
        "lines": [
          0,
          0,
          0,
          0
        ],
        "branches": {}
      }
    },
    "timestamp": 1768884780
  }
}
